  main.cpp
f:\enitchess zouari-saffar\enitchess zouari-saffar\final project\enitchess\enitchess\classjoueur.h(105): warning C4101: 'sol' : variable locale non référencée
f:\enitchess zouari-saffar\enitchess zouari-saffar\final project\enitchess\enitchess\classjoueur.h(143): warning C4101: 'sol' : variable locale non référencée
f:\enitchess zouari-saffar\enitchess zouari-saffar\final project\enitchess\enitchess\classjoueur.h(219): warning C4101: 'sol' : variable locale non référencée
f:\enitchess zouari-saffar\enitchess zouari-saffar\final project\enitchess\enitchess\classjoueur.h(259): warning C4101: 'sol' : variable locale non référencée
f:\enitchess zouari-saffar\enitchess zouari-saffar\final project\enitchess\enitchess\partie.h(50): warning C4244: 'argument' : conversion de 'int' en 'float', perte possible de données
f:\enitchess zouari-saffar\enitchess zouari-saffar\final project\enitchess\enitchess\partie.h(115): warning C4244: 'argument' : conversion de 'int' en 'float', perte possible de données
f:\enitchess zouari-saffar\enitchess zouari-saffar\final project\enitchess\enitchess\partie.h(119): warning C4018: '<' : incompatibilité signed/unsigned
f:\enitchess zouari-saffar\enitchess zouari-saffar\final project\enitchess\enitchess\partie.h(200): warning C4244: 'argument' : conversion de 'int' en 'float', perte possible de données
f:\enitchess zouari-saffar\enitchess zouari-saffar\final project\enitchess\enitchess\partie.h(207): warning C4244: 'argument' : conversion de 'int' en 'float', perte possible de données
f:\enitchess zouari-saffar\enitchess zouari-saffar\final project\enitchess\enitchess\partie.h(214): warning C4244: 'argument' : conversion de 'int' en 'float', perte possible de données
f:\enitchess zouari-saffar\enitchess zouari-saffar\final project\enitchess\enitchess\partie.h(221): warning C4244: 'argument' : conversion de 'int' en 'float', perte possible de données
f:\enitchess zouari-saffar\enitchess zouari-saffar\final project\enitchess\enitchess\partie.h(228): warning C4244: 'argument' : conversion de 'int' en 'float', perte possible de données
f:\enitchess zouari-saffar\enitchess zouari-saffar\final project\enitchess\enitchess\partie.h(345): warning C4244: 'argument' : conversion de 'int' en 'float', perte possible de données
f:\enitchess zouari-saffar\enitchess zouari-saffar\final project\enitchess\enitchess\partie.h(353): warning C4244: 'argument' : conversion de 'int' en 'float', perte possible de données
f:\enitchess zouari-saffar\enitchess zouari-saffar\final project\enitchess\enitchess\partie.h(362): warning C4244: 'argument' : conversion de 'int' en 'float', perte possible de données
f:\enitchess zouari-saffar\enitchess zouari-saffar\final project\enitchess\enitchess\partie.h(368): warning C4244: 'argument' : conversion de 'int' en 'float', perte possible de données
f:\enitchess zouari-saffar\enitchess zouari-saffar\final project\enitchess\enitchess\partie.h(410): warning C4305: 'argument' : troncation de 'double' à 'float'
f:\enitchess zouari-saffar\enitchess zouari-saffar\final project\enitchess\enitchess\partie.h(411): warning C4305: 'argument' : troncation de 'double' à 'float'
f:\enitchess zouari-saffar\enitchess zouari-saffar\final project\enitchess\enitchess\partie.h(417): warning C4305: 'argument' : troncation de 'double' à 'float'
f:\enitchess zouari-saffar\enitchess zouari-saffar\final project\enitchess\enitchess\partie.h(418): warning C4305: 'argument' : troncation de 'double' à 'float'
f:\enitchess zouari-saffar\enitchess zouari-saffar\final project\enitchess\enitchess\partie.h(436): warning C4244: 'argument' : conversion de 'int' en 'float', perte possible de données
f:\enitchess zouari-saffar\enitchess zouari-saffar\final project\enitchess\enitchess\partie.h(444): warning C4244: 'argument' : conversion de 'int' en 'float', perte possible de données
f:\enitchess zouari-saffar\enitchess zouari-saffar\final project\enitchess\enitchess\partie.h(452): warning C4244: 'argument' : conversion de 'int' en 'float', perte possible de données
f:\enitchess zouari-saffar\enitchess zouari-saffar\final project\enitchess\enitchess\partie.h(460): warning C4244: 'argument' : conversion de 'int' en 'float', perte possible de données
f:\enitchess zouari-saffar\enitchess zouari-saffar\final project\enitchess\enitchess\partie.h(468): warning C4244: 'argument' : conversion de 'int' en 'float', perte possible de données
f:\enitchess zouari-saffar\enitchess zouari-saffar\final project\enitchess\enitchess\partie.h(476): warning C4244: 'argument' : conversion de 'int' en 'float', perte possible de données
f:\enitchess zouari-saffar\enitchess zouari-saffar\final project\enitchess\enitchess\partie.h(484): warning C4244: 'argument' : conversion de 'int' en 'float', perte possible de données
f:\enitchess zouari-saffar\enitchess zouari-saffar\final project\enitchess\enitchess\partie.h(492): warning C4244: 'argument' : conversion de 'int' en 'float', perte possible de données
f:\enitchess zouari-saffar\enitchess zouari-saffar\final project\enitchess\enitchess\partie.h(558): warning C4244: 'argument' : conversion de 'int' en 'float', perte possible de données
f:\enitchess zouari-saffar\enitchess zouari-saffar\final project\enitchess\enitchess\partie.h(595): warning C4244: 'argument' : conversion de 'int' en 'float', perte possible de données
f:\enitchess zouari-saffar\enitchess zouari-saffar\final project\enitchess\enitchess\partie.h(678): warning C4244: 'argument' : conversion de 'int' en 'float', perte possible de données
f:\enitchess zouari-saffar\enitchess zouari-saffar\final project\enitchess\enitchess\partie.h(690): warning C4244: 'argument' : conversion de 'int' en 'float', perte possible de données
f:\enitchess zouari-saffar\enitchess zouari-saffar\final project\enitchess\enitchess\partie.h(710): warning C4244: 'argument' : conversion de 'int' en 'float', perte possible de données
f:\enitchess zouari-saffar\enitchess zouari-saffar\final project\enitchess\enitchess\partie.h(711): warning C4244: 'argument' : conversion de 'int' en 'float', perte possible de données
f:\enitchess zouari-saffar\enitchess zouari-saffar\final project\enitchess\enitchess\partie.h(797): warning C4244: '=' : conversion de 'int' en 'float', perte possible de données
f:\enitchess zouari-saffar\enitchess zouari-saffar\final project\enitchess\enitchess\partie.h(798): warning C4244: '=' : conversion de 'int' en 'float', perte possible de données
f:\enitchess zouari-saffar\enitchess zouari-saffar\final project\enitchess\enitchess\partie.h(866): warning C4101: 'n' : variable locale non référencée
f:\enitchess zouari-saffar\enitchess zouari-saffar\final project\enitchess\enitchess\partie.h(507): warning C4715: 'Humain::choisirpiece' : les chemins de contrôle ne retournent pas tous une valeur
f:\enitchess zouari-saffar\enitchess zouari-saffar\final project\enitchess\enitchess\echequier.h(115): warning C4715: 'echequier::verifpiece' : les chemins de contrôle ne retournent pas tous une valeur
f:\enitchess zouari-saffar\enitchess zouari-saffar\final project\enitchess\enitchess\echequier.h(113): warning C4715: 'echequier::getpiece' : les chemins de contrôle ne retournent pas tous une valeur
  enitchess.vcxproj -> F:\ENITCHESS Zouari-Saffar\ENITCHESS Zouari-Saffar\FINAL PROJECT\enitchess\Debug\enitchess.exe
